<?xml version="1.0" encoding="UTF-8"?>
<!-- Generated by org.testng.reporters.JUnitReportReporter -->
<testsuite hostname="EPINPUNW0265" failures="0" tests="1" name="fis.api.ApiAutomationTest" time="1.375" errors="0" timestamp="2025-01-11T17:47:09 IST" skipped="0">
  <testcase classname="fis.api.ApiAutomationTest" name="ApiGetTest" time="1.375"/>
  <system-out/>
</testsuite> <!-- fis.api.ApiAutomationTest -->
