<?xml version="1.0" encoding="UTF-8"?>
<!-- Generated by org.testng.reporters.JUnitReportReporter -->
<testsuite hostname="EPINPUNW0265" failures="0" tests="1" name="fis.ecom.bdd.runner.TestNGTestRunner" time="46.576" errors="0" timestamp="2025-01-11T17:46:28 IST" skipped="0">
  <testcase classname="fis.ecom.bdd.runner.TestNGTestRunner" name="runScenario" time="46.576"/>
  <system-out/>
</testsuite> <!-- fis.ecom.bdd.runner.TestNGTestRunner -->
